#
# There is insufficient memory for the Java Runtime Environment to continue.
# Native memory allocation (mmap) failed to map 266338304 bytes. Error detail: G1 virtual space
# Possible reasons:
#   The system is out of physical RAM or swap space
#   This process is running with CompressedOops enabled, and the Java Heap may be blocking the growth of the native heap
# Possible solutions:
#   Reduce memory load on the system
#   Increase physical memory or swap space
#   Check if swap backing store is full
#   Decrease Java heap size (-Xmx/-Xms)
#   Decrease number of Java threads
#   Decrease Java thread stack sizes (-Xss)
#   Set larger code cache with -XX:ReservedCodeCacheSize=
#   JVM is running with Zero Based Compressed Oops mode in which the Java heap is
#     placed in the first 32GB address space. The Java Heap base address is the
#     maximum limit for the native heap growth. Please use -XX:HeapBaseMinAddress
#     to set the Java Heap base and to place the Java Heap above 32GB virtual address.
# This output file may be truncated or incomplete.
#
#  Out of Memory Error (os_windows.cpp:3825), pid=40712, tid=33772
#
# JRE version:  (17.0.11) (build )
# Java VM: OpenJDK 64-Bit Server VM (17.0.11+0--11852314, mixed mode, sharing, tiered, compressed oops, compressed class ptrs, g1 gc, windows-amd64)
# No core dump will be written. Minidumps are not enabled by default on client versions of Windows
#

---------------  S U M M A R Y ------------

Command Line: git4idea.http.GitAskPassApp Username for 'https://github.com': 

Host: Intel(R) Core(TM) i5-10500H CPU @ 2.50GHz, 12 cores, 15G,  Windows 11 , 64 bit Build 22621 (10.0.22621.3672)
Time: Sat Aug  3 15:42:33 2024 Egypt Daylight Time elapsed time: 0.014090 seconds (0d 0h 0m 0s)

---------------  T H R E A D  ---------------

Current thread (0x000001bf62bee2a0):  JavaThread "Unknown thread" [_thread_in_vm, id=33772, stack(0x000000471b500000,0x000000471b600000)]

Stack: [0x000000471b500000,0x000000471b600000]
Native frames: (J=compiled Java code, j=interpreted, Vv=VM code, C=native code)
V  [jvm.dll+0x687bb9]
V  [jvm.dll+0x84142a]
V  [jvm.dll+0x8430ae]
V  [jvm.dll+0x843713]
V  [jvm.dll+0x24a35f]
V  [jvm.dll+0x684989]
V  [jvm.dll+0x67923a]
V  [jvm.dll+0x30af0b]
V  [jvm.dll+0x3123b6]
V  [jvm.dll+0x361dfe]
V  [jvm.dll+0x36202f]
V  [jvm.dll+0x2e0d38]
V  [jvm.dll+0x2e1ca4]
V  [jvm.dll+0x811f21]
V  [jvm.dll+0x36fb68]
V  [jvm.dll+0x7f0896]
V  [jvm.dll+0x3f3d2f]
V  [jvm.dll+0x3f58e1]
C  [jli.dll+0x528f]
C  [ucrtbase.dll+0x29333]
C  [KERNEL32.DLL+0x1257d]
C  [ntdll.dll+0x5af28]


---------------  P R O C E S S  ---------------

Threads class SMR info:
_java_thread_list=0x00007ffe886cefd8, length=0, elements={
}

Java Threads: ( => current thread )

Other Threads:
  0x000001bf62c58fa0 GCTaskThread "GC Thread#0" [stack: 0x000000471b600000,0x000000471b700000] [id=39960]
  0x000001bf62c69b70 ConcurrentGCThread "G1 Main Marker" [stack: 0x000000471b700000,0x000000471b800000] [id=38248]
  0x000001bf62c6ad30 ConcurrentGCThread "G1 Conc#0" [stack: 0x000000471b800000,0x000000471b900000] [id=36908]

[error occurred during error reporting (printing all threads), id 0xc0000005, EXCEPTION_ACCESS_VIOLATION (0xc0000005) at pc=0x00007ffe87e81907]

VM state: not at safepoint (not fully initialized)

VM Mutex/Monitor currently owned by a thread:  ([mutex/lock_event])
[0x000001bf62bea760] Heap_lock - owner thread: 0x000001bf62bee2a0

Heap address: 0x0000000703800000, size: 4040 MB, Compressed Oops mode: Zero based, Oop shift amount: 3

CDS archive(s) mapped at: [0x0000000000000000-0x0000000000000000-0x0000000000000000), size 0, SharedBaseAddress: 0x0000000800000000, ArchiveRelocationMode: 1.
Narrow klass base: 0x0000000000000000, Narrow klass shift: 0, Narrow klass range: 0x0

GC Precious Log:
<Empty>

Heap:
 garbage-first heap   total 0K, used 0K [0x0000000703800000, 0x0000000800000000)
  region size 2048K, 0 young (0K), 0 survivors (0K)
 Metaspace       used 0K, committed 0K, reserved 0K
  class space    used 0K, committed 0K, reserved 0K

Heap Regions: E=young(eden), S=young(survivor), O=old, HS=humongous(starts), HC=humongous(continues), CS=collection set, F=free, OA=open archive, CA=closed archive, TAMS=top-at-mark-start (previous, next)

Card table byte_map: [0x000001bf75e00000,0x000001bf765f0000] _byte_map_base: 0x000001bf725e4000

Marking Bits (Prev, Next): (CMBitMap*) 0x000001bf62c595c0, (CMBitMap*) 0x000001bf62c59600
 Prev Bits: [0x000001bf76de0000, 0x000001bf7ad00000)
 Next Bits: [0x000001bf7ad00000, 0x000001bf7ec20000)

GC Heap History (0 events):
No events

Dll operation events (1 events):
Event: 0.009 Loaded shared library C:\Program Files\Android\Android Studio\jbr\bin\java.dll

Deoptimization events (0 events):
No events

Classes unloaded (0 events):
No events

Classes redefined (0 events):
No events

Internal exceptions (0 events):
No events

VM Operations (0 events):
No events

Events (0 events):
No events


Dynamic libraries:
0x00007ff6b9c60000 - 0x00007ff6b9c6a000 	C:\Program Files\Android\Android Studio\jbr\bin\java.exe
0x00007fff16650000 - 0x00007fff16867000 	C:\WINDOWS\SYSTEM32\ntdll.dll
0x00007fff16110000 - 0x00007fff161d4000 	C:\WINDOWS\System32\KERNEL32.DLL
0x00007fff13fe0000 - 0x00007fff1438d000 	C:\WINDOWS\System32\KERNELBASE.dll
0x00007fff13ad0000 - 0x00007fff13be1000 	C:\WINDOWS\System32\ucrtbase.dll
0x00007fff056b0000 - 0x00007fff056c7000 	C:\Program Files\Android\Android Studio\jbr\bin\jli.dll
0x00007fff0b270000 - 0x00007fff0b28b000 	C:\Program Files\Android\Android Studio\jbr\bin\VCRUNTIME140.dll
0x00007fff14390000 - 0x00007fff1453e000 	C:\WINDOWS\System32\USER32.dll
0x00007fff13980000 - 0x00007fff139a6000 	C:\WINDOWS\System32\win32u.dll
0x00007ffef4c60000 - 0x00007ffef4ef3000 	C:\WINDOWS\WinSxS\amd64_microsoft.windows.common-controls_6595b64144ccf1df_6.0.22621.3672_none_2713b9d173822955\COMCTL32.dll
0x00007fff16060000 - 0x00007fff16089000 	C:\WINDOWS\System32\GDI32.dll
0x00007fff14740000 - 0x00007fff147e7000 	C:\WINDOWS\System32\msvcrt.dll
0x00007fff13d50000 - 0x00007fff13e69000 	C:\WINDOWS\System32\gdi32full.dll
0x00007fff13bf0000 - 0x00007fff13c8a000 	C:\WINDOWS\System32\msvcp_win.dll
0x00007fff16240000 - 0x00007fff16271000 	C:\WINDOWS\System32\IMM32.DLL
0x00007fff0cd10000 - 0x00007fff0cd1c000 	C:\Program Files\Android\Android Studio\jbr\bin\vcruntime140_1.dll
0x00007fff05eb0000 - 0x00007fff05f3d000 	C:\Program Files\Android\Android Studio\jbr\bin\msvcp140.dll
0x00007ffe87b90000 - 0x00007ffe88813000 	C:\Program Files\Android\Android Studio\jbr\bin\server\jvm.dll
0x00007fff145f0000 - 0x00007fff146a2000 	C:\WINDOWS\System32\ADVAPI32.dll
0x00007fff14540000 - 0x00007fff145e9000 	C:\WINDOWS\System32\sechost.dll
0x00007fff13a30000 - 0x00007fff13a58000 	C:\WINDOWS\System32\bcrypt.dll
0x00007fff15080000 - 0x00007fff15194000 	C:\WINDOWS\System32\RPCRT4.dll
0x00007fff127d0000 - 0x00007fff1281d000 	C:\WINDOWS\SYSTEM32\POWRPROF.dll
0x00007ffeeee90000 - 0x00007ffeeee99000 	C:\WINDOWS\SYSTEM32\WSOCK32.dll
0x00007fff07480000 - 0x00007fff074b4000 	C:\WINDOWS\SYSTEM32\WINMM.dll
0x00007fff146c0000 - 0x00007fff14731000 	C:\WINDOWS\System32\WS2_32.dll
0x00007fff07920000 - 0x00007fff0792a000 	C:\WINDOWS\SYSTEM32\VERSION.dll
0x00007fff127b0000 - 0x00007fff127c3000 	C:\WINDOWS\SYSTEM32\UMPDC.dll
0x00007fff12a60000 - 0x00007fff12a78000 	C:\WINDOWS\SYSTEM32\kernel.appcore.dll
0x00007fff0c8d0000 - 0x00007fff0c8da000 	C:\Program Files\Android\Android Studio\jbr\bin\jimage.dll
0x00007fff111a0000 - 0x00007fff113d2000 	C:\WINDOWS\SYSTEM32\DBGHELP.DLL
0x00007fff16280000 - 0x00007fff16608000 	C:\WINDOWS\System32\combase.dll
0x00007fff14d70000 - 0x00007fff14e47000 	C:\WINDOWS\System32\OLEAUT32.dll
0x00007fff04c90000 - 0x00007fff04cc2000 	C:\WINDOWS\SYSTEM32\dbgcore.DLL
0x00007fff139b0000 - 0x00007fff13a2b000 	C:\WINDOWS\System32\bcryptPrimitives.dll
0x00007fff05790000 - 0x00007fff057b5000 	C:\Program Files\Android\Android Studio\jbr\bin\java.dll

dbghelp: loaded successfully - version: 4.0.5 - missing functions: none
symbol engine: initialized successfully - sym options: 0x614 - pdb path: .;C:\Program Files\Android\Android Studio\jbr\bin;C:\WINDOWS\SYSTEM32;C:\WINDOWS\WinSxS\amd64_microsoft.windows.common-controls_6595b64144ccf1df_6.0.22621.3672_none_2713b9d173822955;C:\Program Files\Android\Android Studio\jbr\bin\server

VM Arguments:
java_command: git4idea.http.GitAskPassApp Username for 'https://github.com': 
java_class_path (initial): C:/Program Files/Android/Android Studio/plugins/vcs-git/lib/git4idea-rt.jar;C:/Program Files/Android/Android Studio/lib/externalProcess-rt.jar
Launcher Type: SUN_STANDARD

[Global flags]
     intx CICompilerCount                          = 4                                         {product} {ergonomic}
     uint ConcGCThreads                            = 3                                         {product} {ergonomic}
     uint G1ConcRefinementThreads                  = 10                                        {product} {ergonomic}
   size_t G1HeapRegionSize                         = 2097152                                   {product} {ergonomic}
    uintx GCDrainStackTargetSize                   = 64                                        {product} {ergonomic}
   size_t InitialHeapSize                          = 266338304                                 {product} {ergonomic}
   size_t MarkStackSize                            = 4194304                                   {product} {ergonomic}
   size_t MaxHeapSize                              = 4236247040                                {product} {ergonomic}
   size_t MinHeapDeltaBytes                        = 2097152                                   {product} {ergonomic}
   size_t MinHeapSize                              = 8388608                                   {product} {ergonomic}
    uintx NonNMethodCodeHeapSize                   = 5839372                                {pd product} {ergonomic}
    uintx NonProfiledCodeHeapSize                  = 122909434                              {pd product} {ergonomic}
    uintx ProfiledCodeHeapSize                     = 122909434                              {pd product} {ergonomic}
    uintx ReservedCodeCacheSize                    = 251658240                              {pd product} {ergonomic}
     bool SegmentedCodeCache                       = true                                      {product} {ergonomic}
   size_t SoftMaxHeapSize                          = 4236247040                             {manageable} {ergonomic}
     bool UseCompressedClassPointers               = true                           {product lp64_product} {ergonomic}
     bool UseCompressedOops                        = true                           {product lp64_product} {ergonomic}
     bool UseG1GC                                  = true                                      {product} {ergonomic}
     bool UseLargePagesIndividualAllocation        = false                                  {pd product} {ergonomic}

Logging:
Log output configuration:
 #0: stdout all=warning uptime,level,tags
 #1: stderr all=off uptime,level,tags

Environment Variables:
PATH=C:\Program Files\Git\mingw64\libexec\git-core;C:\Program Files\Git\mingw64\libexec\git-core;C:\Program Files\Git\mingw64\bin;C:\Program Files\Git\usr\bin;C:\Users\DELL\bin;C:\WINDOWS\system32;C:\WINDOWS;C:\WINDOWS\System32\Wbem;C:\WINDOWS\System32\WindowsPowerShell\v1.0;C:\WINDOWS\System32\OpenSSH;C:\Program Files\NVIDIA Corporation\NVIDIA NvDLISR;C:\Program Files (x86)\NVIDIA Corporation\PhysX\Common;C:\WINDOWS\system32;C:\WINDOWS;C:\WINDOWS\System32\Wbem;C:\WINDOWS\System32\WindowsPowerShell\v1.0;C:\WINDOWS\System32\OpenSSH;C:\Program Files (x86)\Microsoft SQL Server\160\Tools\Binn;C:\Program Files\Microsoft SQL Server\160\Tools\Binn;C:\Program Files\Microsoft SQL Server\Client SDK\ODBC\170\Tools\Binn;C:\Program Files\Microsoft SQL Server\160\DTS\Binn;C:\Program Files (x86)\Microsoft SQL Server\160\DTS\Binn;C:\Program Files\Azure Data Studio\bin;C:\Program Files\nodejs;C:\Program Files (x86)\Windows Kits\10\Windows Performance Toolkit;C:\Program Files\Git\cmd;C:\Users\DELL\AppData\Local\Microsoft\WindowsApps;C:\Program Files\Azure Data Studio\bin;C:\Program Files\Azure Data Studio\bin;C:\Users\DELL\AppData\Local\Programs\Microsoft VS Code\bin;C:\Users\DELL\AppData\Roaming\Microsoft\Windows\Start Menu\Programs\Python 3.11;C:\dart\bin;C:\Flutter-sdk\flutter\bin;C:\Users\DELL\AppData\Local\Pub\Cache\bin;C:\Users\DELL\AppData\Roaming\npm;C:\iverilog\bin;C:\iverilog\gtkwave\bin;C:\MinGW\bin;C:\Program Files\JetBrains\CLion 2023.2.2\bin\mingw\bin;C:\Users\DELL\AppData\Local\JetBrains\Toolbox\scripts
USERNAME=DELL
DISPLAY=:0.0
LC_ALL=en_US.UTF-8
TERM=xterm-256color
TMPDIR=C:\Users\DELL\AppData\Local\Temp
OS=Windows_NT
PROCESSOR_IDENTIFIER=Intel64 Family 6 Model 165 Stepping 2, GenuineIntel
TMP=C:\Users\DELL\AppData\Local\Temp
TEMP=C:\Users\DELL\AppData\Local\Temp



Periodic native trim disabled

JNI global refs:
JNI global refs: 0, weak refs: 0

JNI global refs memory usage: 0, weak refs: 0

Process memory usage:
Resident Set Size: 11796K (0% of 16547592K total physical memory with 1248280K free physical memory)

OOME stack traces (most recent first):
Classloader memory used:


---------------  S Y S T E M  ---------------

OS:
 Windows 11 , 64 bit Build 22621 (10.0.22621.3672)
OS uptime: 0 days 4:18 hours
Hyper-V role detected

CPU: total 12 (initial active 12) (6 cores per cpu, 2 threads per core) family 6 model 165 stepping 2 microcode 0xf8, cx8, cmov, fxsr, ht, mmx, 3dnowpref, sse, sse2, sse3, ssse3, sse4.1, sse4.2, popcnt, lzcnt, tsc, tscinvbit, avx, avx2, aes, erms, clmul, bmi1, bmi2, adx, fma, vzeroupper, clflush, clflushopt, hv
Processor Information for all 12 processors :
  Max Mhz: 2496, Current Mhz: 2496, Mhz Limit: 2496

Memory: 4k page, system-wide physical 16159M (1219M free)
TotalPageFile size 29983M (AvailPageFile size 153M)
current process WorkingSet (physical memory assigned to process): 11M, peak: 11M
current process commit charge ("private bytes"): 64M, peak: 318M

vm_info: OpenJDK 64-Bit Server VM (17.0.11+0--11852314) for windows-amd64 JRE (17.0.11+0--11852314), built on May 16 2024 21:29:20 by "androidbuild" with MS VC++ 16.10 / 16.11 (VS2019)

END.
